<?xml version="1.0" encoding="UTF-8"?>
<!-- Generated by org.testng.reporters.JUnitXMLReporter -->
<testsuite ignored="0" hostname="LAPTOP-6A1QN82L" failures="0" tests="4" name="Default test" time="52.21" errors="0" timestamp="2023-11-07T23:22:57 IST">
  <testcase classname="testDataSample.SampleDataProvider" name="registerUser" time="20.732"/>
  <testcase classname="testDataSample.SampleDataProvider" name="registerUser" time="9.147"/>
  <testcase classname="testDataSample.SampleDataProvider" name="registerUser" time="8.545"/>
  <testcase classname="testDataSample.SampleDataProvider" name="registerUser" time="10.347"/>
</testsuite> <!-- Default test -->
