<?xml version="1.0" encoding="UTF-8"?>
<testng-results ignored="0" total="4" passed="4" failed="0" skipped="0">
  <reporter-output>
  </reporter-output>
  <suite started-at="2023-11-07T23:22:05 IST" name="Default suite" finished-at="2023-11-07T23:22:57 IST" duration-ms="52210">
    <groups>
    </groups>
    <test started-at="2023-11-07T23:22:05 IST" name="Default test" finished-at="2023-11-07T23:22:57 IST" duration-ms="52210">
      <class name="testDataSample.SampleDataProvider">
        <test-method signature="registerUser([Ljava.lang.String;)[pri:0, instance:testDataSample.SampleDataProvider@223aa2f7]" started-at="2023-11-07T23:22:08 IST" name="registerUser" data-provider="multipleNewUsersData" finished-at="2023-11-07T23:22:29 IST" duration-ms="20732" status="PASS">
          <params>
            <param index="0">
              <value>
                <![CDATA[[Ljava.lang.String;@47b33e07]]>
              </value>
            </param>
          </params>
          <reporter-output>
          </reporter-output>
        </test-method> <!-- registerUser -->
        <test-method signature="registerUser([Ljava.lang.String;)[pri:0, instance:testDataSample.SampleDataProvider@223aa2f7]" started-at="2023-11-07T23:22:29 IST" name="registerUser" data-provider="multipleNewUsersData" finished-at="2023-11-07T23:22:38 IST" duration-ms="9147" status="PASS">
          <params>
            <param index="0">
              <value>
                <![CDATA[[Ljava.lang.String;@7126e26]]>
              </value>
            </param>
          </params>
          <reporter-output>
          </reporter-output>
        </test-method> <!-- registerUser -->
        <test-method signature="registerUser([Ljava.lang.String;)[pri:0, instance:testDataSample.SampleDataProvider@223aa2f7]" started-at="2023-11-07T23:22:38 IST" name="registerUser" data-provider="multipleNewUsersData" finished-at="2023-11-07T23:22:46 IST" duration-ms="8545" status="PASS">
          <params>
            <param index="0">
              <value>
                <![CDATA[[Ljava.lang.String;@151ab2b9]]>
              </value>
            </param>
          </params>
          <reporter-output>
          </reporter-output>
        </test-method> <!-- registerUser -->
        <test-method signature="registerUser([Ljava.lang.String;)[pri:0, instance:testDataSample.SampleDataProvider@223aa2f7]" started-at="2023-11-07T23:22:46 IST" name="registerUser" data-provider="multipleNewUsersData" finished-at="2023-11-07T23:22:57 IST" duration-ms="10347" status="PASS">
          <params>
            <param index="0">
              <value>
                <![CDATA[[Ljava.lang.String;@13ed066e]]>
              </value>
            </param>
          </params>
          <reporter-output>
          </reporter-output>
        </test-method> <!-- registerUser -->
      </class> <!-- testDataSample.SampleDataProvider -->
    </test> <!-- Default test -->
  </suite> <!-- Default suite -->
</testng-results>
